<?xml version="1.0" encoding="UTF-8"?>
<!-- Generated by org.testng.reporters.JUnitReportReporter -->
<testsuite name="QAmonCodeTestByAkhi.SignInPage_POM_TestNG" tests="1" time="14.547" ignored="0" failures="0" timestamp="10 Jul 2021 11:10:46 GMT" skipped="0" hostname="DESKTOP-PI24L5V" errors="0">
  <testcase name="testStep1" time="14.547" classname="QAmonCodeTestByAkhi.SignInPage_POM_TestNG"/>
</testsuite> <!-- QAmonCodeTestByAkhi.SignInPage_POM_TestNG -->
